[18:31:02] [main/INFO]: Environment: authHost='https://authserver.mojang.com', accountsHost='https://api.mojang.com', sessionHost='https://sessionserver.mojang.com', name='PROD'
[18:31:03] [main/INFO]: Reloading ResourceManager: Default, bukkit
[18:31:04] [Worker-Main-13/INFO]: Loaded 7 recipes
[18:31:05] [Server thread/INFO]: Starting minecraft server version 1.16.1
[18:31:05] [Server thread/INFO]: Loading properties
[18:31:06] [Server thread/INFO]: This server is running CraftBukkit version git-Spigot-ad703da-e2403a3 (MC: 1.16.1) (Implementing API version 1.16.1-R0.1-SNAPSHOT)
[18:31:06] [Server thread/INFO]: Debug logging is disabled
[18:31:06] [Server thread/INFO]: Using 4 threads for Netty based IO
[18:31:06] [Server thread/INFO]: Server Ping Player Sample Count: 12
[18:31:06] [Server thread/INFO]: Default game type: SURVIVAL
[18:31:06] [Server thread/INFO]: Generating keypair
[18:31:06] [Server thread/INFO]: Starting Minecraft server on *:25565
[18:31:06] [Server thread/INFO]: Using default channel type
[18:31:09] [Server thread/INFO]: [LiillemannensEpicPlugin] Loading LiillemannensEpicPlugin v1.1.0
[18:31:09] [Server thread/INFO]: Preparing level "world"
[18:31:09] [Server thread/INFO]: -------- World Settings For [world] --------
[18:31:09] [Server thread/INFO]: Item Despawn Rate: 6000
[18:31:09] [Server thread/INFO]: Item Merge Radius: 2.5
[18:31:09] [Server thread/INFO]: View Distance: 10
[18:31:09] [Server thread/INFO]: Mob Spawn Range: 6
[18:31:09] [Server thread/INFO]: Experience Merge Radius: 3.0
[18:31:09] [Server thread/INFO]: Cactus Growth Modifier: 100%
[18:31:09] [Server thread/INFO]: Cane Growth Modifier: 100%
[18:31:09] [Server thread/INFO]: Melon Growth Modifier: 100%
[18:31:09] [Server thread/INFO]: Mushroom Growth Modifier: 100%
[18:31:09] [Server thread/INFO]: Pumpkin Growth Modifier: 100%
[18:31:09] [Server thread/INFO]: Sapling Growth Modifier: 100%
[18:31:09] [Server thread/INFO]: Beetroot Growth Modifier: 100%
[18:31:09] [Server thread/INFO]: Carrot Growth Modifier: 100%
[18:31:09] [Server thread/INFO]: Potato Growth Modifier: 100%
[18:31:09] [Server thread/INFO]: Wheat Growth Modifier: 100%
[18:31:09] [Server thread/INFO]: NetherWart Growth Modifier: 100%
[18:31:09] [Server thread/INFO]: Vine Growth Modifier: 100%
[18:31:09] [Server thread/INFO]: Cocoa Growth Modifier: 100%
[18:31:09] [Server thread/INFO]: Bamboo Growth Modifier: 100%
[18:31:09] [Server thread/INFO]: SweetBerry Growth Modifier: 100%
[18:31:09] [Server thread/INFO]: Kelp Growth Modifier: 100%
[18:31:09] [Server thread/INFO]: Hopper Transfer: 8 Hopper Check: 1 Hopper Amount: 1
[18:31:09] [Server thread/INFO]: Entity Activation Range: An 32 / Mo 32 / Ra 48 / Mi 16 / Tiv true
[18:31:09] [Server thread/INFO]: Tile Max Tick Time: 50ms Entity max Tick Time: 50ms
[18:31:09] [Server thread/INFO]: Max TNT Explosions: 100
[18:31:09] [Server thread/INFO]: Entity Tracking Range: Pl 48 / An 48 / Mo 48 / Mi 32 / Other 64
[18:31:09] [Server thread/INFO]: Allow Zombie Pigmen to spawn from portal blocks: true
[18:31:09] [Server thread/INFO]: Arrow Despawn Rate: 1200 Trident Respawn Rate:1200
[18:31:09] [Server thread/INFO]: Nerfing mobs spawned from spawners: false
[18:31:09] [Server thread/INFO]: Zombie Aggressive Towards Villager: true
[18:31:09] [Server thread/INFO]: Custom Map Seeds:  Village: 10387312 Desert: 14357617 Igloo: 14357618 Jungle: 14357619 Swamp: 14357620 Monument: 10387313 Ocean: 14357621 Shipwreck: 165745295 End City: 10387313 Slime: 987234911 Bastion: 30084232 Fortress: 30084232 Mansion: 10387319 Fossil: 14357921 Portal: 34222645
[18:31:10] [Server thread/INFO]: -------- World Settings For [world_nether] --------
[18:31:10] [Server thread/INFO]: Item Despawn Rate: 6000
[18:31:10] [Server thread/INFO]: Item Merge Radius: 2.5
[18:31:10] [Server thread/INFO]: View Distance: 10
[18:31:10] [Server thread/INFO]: Mob Spawn Range: 6
[18:31:10] [Server thread/INFO]: Experience Merge Radius: 3.0
[18:31:10] [Server thread/INFO]: Cactus Growth Modifier: 100%
[18:31:10] [Server thread/INFO]: Cane Growth Modifier: 100%
[18:31:10] [Server thread/INFO]: Melon Growth Modifier: 100%
[18:31:10] [Server thread/INFO]: Mushroom Growth Modifier: 100%
[18:31:10] [Server thread/INFO]: Pumpkin Growth Modifier: 100%
[18:31:10] [Server thread/INFO]: Sapling Growth Modifier: 100%
[18:31:10] [Server thread/INFO]: Beetroot Growth Modifier: 100%
[18:31:10] [Server thread/INFO]: Carrot Growth Modifier: 100%
[18:31:10] [Server thread/INFO]: Potato Growth Modifier: 100%
[18:31:10] [Server thread/INFO]: Wheat Growth Modifier: 100%
[18:31:10] [Server thread/INFO]: NetherWart Growth Modifier: 100%
[18:31:10] [Server thread/INFO]: Vine Growth Modifier: 100%
[18:31:10] [Server thread/INFO]: Cocoa Growth Modifier: 100%
[18:31:10] [Server thread/INFO]: Bamboo Growth Modifier: 100%
[18:31:10] [Server thread/INFO]: SweetBerry Growth Modifier: 100%
[18:31:10] [Server thread/INFO]: Kelp Growth Modifier: 100%
[18:31:10] [Server thread/INFO]: Hopper Transfer: 8 Hopper Check: 1 Hopper Amount: 1
[18:31:10] [Server thread/INFO]: Entity Activation Range: An 32 / Mo 32 / Ra 48 / Mi 16 / Tiv true
[18:31:10] [Server thread/INFO]: Tile Max Tick Time: 50ms Entity max Tick Time: 50ms
[18:31:10] [Server thread/INFO]: Max TNT Explosions: 100
[18:31:10] [Server thread/INFO]: Entity Tracking Range: Pl 48 / An 48 / Mo 48 / Mi 32 / Other 64
[18:31:10] [Server thread/INFO]: Allow Zombie Pigmen to spawn from portal blocks: true
[18:31:10] [Server thread/INFO]: Arrow Despawn Rate: 1200 Trident Respawn Rate:1200
[18:31:10] [Server thread/INFO]: Nerfing mobs spawned from spawners: false
[18:31:10] [Server thread/INFO]: Zombie Aggressive Towards Villager: true
[18:31:10] [Server thread/INFO]: Custom Map Seeds:  Village: 10387312 Desert: 14357617 Igloo: 14357618 Jungle: 14357619 Swamp: 14357620 Monument: 10387313 Ocean: 14357621 Shipwreck: 165745295 End City: 10387313 Slime: 987234911 Bastion: 30084232 Fortress: 30084232 Mansion: 10387319 Fossil: 14357921 Portal: 34222645
[18:31:10] [Server thread/INFO]: -------- World Settings For [world_the_end] --------
[18:31:10] [Server thread/INFO]: Item Despawn Rate: 6000
[18:31:10] [Server thread/INFO]: Item Merge Radius: 2.5
[18:31:10] [Server thread/INFO]: View Distance: 10
[18:31:10] [Server thread/INFO]: Mob Spawn Range: 6
[18:31:10] [Server thread/INFO]: Experience Merge Radius: 3.0
[18:31:10] [Server thread/INFO]: Cactus Growth Modifier: 100%
[18:31:10] [Server thread/INFO]: Cane Growth Modifier: 100%
[18:31:10] [Server thread/INFO]: Melon Growth Modifier: 100%
[18:31:10] [Server thread/INFO]: Mushroom Growth Modifier: 100%
[18:31:10] [Server thread/INFO]: Pumpkin Growth Modifier: 100%
[18:31:10] [Server thread/INFO]: Sapling Growth Modifier: 100%
[18:31:10] [Server thread/INFO]: Beetroot Growth Modifier: 100%
[18:31:10] [Server thread/INFO]: Carrot Growth Modifier: 100%
[18:31:10] [Server thread/INFO]: Potato Growth Modifier: 100%
[18:31:10] [Server thread/INFO]: Wheat Growth Modifier: 100%
[18:31:10] [Server thread/INFO]: NetherWart Growth Modifier: 100%
[18:31:10] [Server thread/INFO]: Vine Growth Modifier: 100%
[18:31:10] [Server thread/INFO]: Cocoa Growth Modifier: 100%
[18:31:10] [Server thread/INFO]: Bamboo Growth Modifier: 100%
[18:31:10] [Server thread/INFO]: SweetBerry Growth Modifier: 100%
[18:31:10] [Server thread/INFO]: Kelp Growth Modifier: 100%
[18:31:10] [Server thread/INFO]: Hopper Transfer: 8 Hopper Check: 1 Hopper Amount: 1
[18:31:10] [Server thread/INFO]: Entity Activation Range: An 32 / Mo 32 / Ra 48 / Mi 16 / Tiv true
[18:31:10] [Server thread/INFO]: Tile Max Tick Time: 50ms Entity max Tick Time: 50ms
[18:31:10] [Server thread/INFO]: Max TNT Explosions: 100
[18:31:10] [Server thread/INFO]: Entity Tracking Range: Pl 48 / An 48 / Mo 48 / Mi 32 / Other 64
[18:31:10] [Server thread/INFO]: Allow Zombie Pigmen to spawn from portal blocks: true
[18:31:10] [Server thread/INFO]: Arrow Despawn Rate: 1200 Trident Respawn Rate:1200
[18:31:10] [Server thread/INFO]: Nerfing mobs spawned from spawners: false
[18:31:10] [Server thread/INFO]: Zombie Aggressive Towards Villager: true
[18:31:10] [Server thread/INFO]: Custom Map Seeds:  Village: 10387312 Desert: 14357617 Igloo: 14357618 Jungle: 14357619 Swamp: 14357620 Monument: 10387313 Ocean: 14357621 Shipwreck: 165745295 End City: 10387313 Slime: 987234911 Bastion: 30084232 Fortress: 30084232 Mansion: 10387319 Fossil: 14357921 Portal: 34222645
[18:31:10] [Server thread/INFO]: Preparing start region for dimension minecraft:overworld
[18:31:12] [Server thread/INFO]: Preparing spawn area: 0%
[18:31:12] [Server thread/INFO]: Preparing spawn area: 0%
[18:31:12] [Server thread/INFO]: Preparing spawn area: 0%
[18:31:12] [Server thread/INFO]: Preparing spawn area: 0%
[18:31:12] [Server thread/INFO]: Preparing spawn area: 0%
[18:31:12] [Server thread/INFO]: Preparing spawn area: 0%
[18:31:13] [Server thread/INFO]: Preparing spawn area: 0%
[18:31:22] [Worker-Main-11/INFO]: Preparing spawn area: 83%
[18:31:22] [Worker-Main-11/INFO]: Preparing spawn area: 83%
[18:31:22] [Worker-Main-11/INFO]: Preparing spawn area: 83%
[18:31:22] [Worker-Main-12/INFO]: Preparing spawn area: 83%
[18:31:22] [Worker-Main-9/INFO]: Preparing spawn area: 83%
[18:31:22] [Worker-Main-9/INFO]: Preparing spawn area: 83%
[18:31:22] [Worker-Main-8/INFO]: Preparing spawn area: 83%
[18:31:22] [Worker-Main-12/INFO]: Preparing spawn area: 83%
[18:31:22] [Worker-Main-15/INFO]: Preparing spawn area: 83%
[18:31:22] [Worker-Main-8/INFO]: Preparing spawn area: 83%
[18:31:22] [Worker-Main-8/INFO]: Preparing spawn area: 83%
[18:31:22] [Worker-Main-8/INFO]: Preparing spawn area: 83%
[18:31:22] [Worker-Main-8/INFO]: Preparing spawn area: 83%
[18:31:22] [Worker-Main-8/INFO]: Preparing spawn area: 83%
[18:31:22] [Worker-Main-9/INFO]: Preparing spawn area: 83%
[18:31:22] [Worker-Main-15/INFO]: Preparing spawn area: 83%
[18:31:22] [Worker-Main-12/INFO]: Preparing spawn area: 83%
[18:31:22] [Worker-Main-8/INFO]: Preparing spawn area: 83%
[18:31:22] [Worker-Main-8/INFO]: Preparing spawn area: 99%
[18:31:23] [Server thread/INFO]: Time elapsed: 12856 ms
[18:31:23] [Server thread/INFO]: Preparing start region for dimension minecraft:the_nether
[18:31:24] [Server thread/INFO]: Preparing spawn area: 0%
[18:31:24] [Server thread/INFO]: Preparing spawn area: 0%
[18:31:24] [Server thread/INFO]: Preparing spawn area: 0%
[18:31:24] [Server thread/INFO]: Preparing spawn area: 0%
[18:31:25] [Worker-Main-10/INFO]: Preparing spawn area: 83%
[18:31:25] [Worker-Main-15/INFO]: Preparing spawn area: 83%
[18:31:26] [Worker-Main-14/INFO]: Preparing spawn area: 83%
[18:31:26] [Worker-Main-14/INFO]: Preparing spawn area: 83%
[18:31:27] [Worker-Main-10/INFO]: Preparing spawn area: 83%
[18:31:27] [Worker-Main-15/INFO]: Preparing spawn area: 83%
[18:31:28] [Worker-Main-10/INFO]: Preparing spawn area: 87%
[18:31:28] [Worker-Main-12/INFO]: Preparing spawn area: 88%
[18:31:29] [Worker-Main-15/INFO]: Preparing spawn area: 95%
[18:31:29] [Server thread/INFO]: Time elapsed: 6209 ms
[18:31:29] [Server thread/INFO]: Preparing start region for dimension minecraft:the_end
[18:31:31] [Server thread/INFO]: Preparing spawn area: 0%
[18:31:31] [Server thread/INFO]: Preparing spawn area: 0%
[18:31:31] [Server thread/INFO]: Preparing spawn area: 0%
[18:31:31] [Server thread/INFO]: Preparing spawn area: 0%
[18:31:31] [Server thread/INFO]: Preparing spawn area: 0%
[18:31:31] [Server thread/INFO]: Preparing spawn area: 0%
[18:31:32] [Worker-Main-10/INFO]: Preparing spawn area: 88%
[18:31:32] [Server thread/INFO]: Time elapsed: 3131 ms
[18:31:32] [Server thread/INFO]: [LiillemannensEpicPlugin] Enabling LiillemannensEpicPlugin v1.1.0
[18:31:32] [Server thread/INFO]: Server permissions file permissions.yml is empty, ignoring it
[18:31:32] [Server thread/INFO]: Done (22.721s)! For help, type "help"
[19:14:26] [Server thread/INFO]: Stopping the server
[19:14:26] [Server thread/INFO]: Stopping server
[19:14:26] [Server thread/INFO]: [LiillemannensEpicPlugin] Disabling LiillemannensEpicPlugin v1.1.0
[19:14:26] [Server thread/INFO]: Saving players
[19:14:26] [Server thread/INFO]: Saving worlds
[19:14:26] [Server thread/INFO]: Saving chunks for level 'ServerLevel[world]'/minecraft:overworld
[19:14:26] [Server thread/INFO]: ThreadedAnvilChunkStorage (world): All chunks are saved
[19:14:26] [Server thread/INFO]: Saving chunks for level 'ServerLevel[world_nether]'/minecraft:the_nether
[19:14:26] [Server thread/INFO]: ThreadedAnvilChunkStorage (DIM-1): All chunks are saved
[19:14:26] [Server thread/INFO]: Saving chunks for level 'ServerLevel[world_the_end]'/minecraft:the_end
[19:14:27] [Server thread/INFO]: ThreadedAnvilChunkStorage (DIM1): All chunks are saved
[19:14:27] [Server thread/INFO]: ThreadedAnvilChunkStorage (world): All chunks are saved
[19:14:27] [Server thread/INFO]: ThreadedAnvilChunkStorage (DIM-1): All chunks are saved
[19:14:27] [Server thread/INFO]: ThreadedAnvilChunkStorage (DIM1): All chunks are saved
